<test-run id="2" testcasecount="0" result="Passed" start-time="2023-05-30 09:57:29.874930" end-time="2023-05-30 09:57:29.975688" duration="0" total="0" passed="0" failed="0" inconclusive="0" skipped="0" asserts="0" clr-version="3.11.2 (tags/v3.11.2:878ead1, Feb  7 2023, 16:38:35) [MSC v.1934 64 bit (AMD64)]" engine-version="3.6.2"><command-line>c:\Users\domen.ramsak\.vscode\extensions\ms-python.python-2023.8.0\pythonFiles\testing_tools\run_adapter.py discover pytest -- --rootdir c:\Users\domen.ramsak\Documents\Gorenje\projects\TESTING\selenium\pySelenium -s --cache-clear .</command-line><filter><test re="0">.</test></filter><test-suite id="Web/Gorenje/CheckFooterLinksTest/CheckFooterLinksTest.py" name="Web/Gorenje/CheckFooterLinksTest/CheckFooterLinksTest.py" fullname="Web/Gorenje/CheckFooterLinksTest/CheckFooterLinksTest.py" methodname="" classname="" runstate="Runnable" type="Assembly" testcasecount="0" result="Passed" label="" start-time="0001-01-01 00:00:00.000000" end-time="0001-01-01 00:00:00.000000" duration="0.0" asserts="0" total="0" passed="0" failed="0" warnings="0" inconclusive="0" skipped="0"><properties><property name="python_version" value="3.11.2 (tags/v3.11.2:878ead1, Feb  7 2023, 16:38:35) [MSC v.1934 64 bit (AMD64)]" /></properties><environment framework-version="3.6.2" clr-version="3.11.2 (tags/v3.11.2:878ead1, Feb  7 2023, 16:38:35) [MSC v.1934 64 bit (AMD64)]" os-version="10" platform="Windows" cwd="c:\Users\domen.ramsak\Documents\Gorenje\projects\TESTING\selenium\pySelenium" machine-name="AMD64" user="" user-domain="" culture="sl_SI" uiculture="sl_SI" os-architecture="64bit" /></test-suite><test-suite id="WebAPI/ConnectLife/Tests/GetAppliancesTest/GetAppliancesTest.py" name="WebAPI/ConnectLife/Tests/GetAppliancesTest/GetAppliancesTest.py" fullname="WebAPI/ConnectLife/Tests/GetAppliancesTest/GetAppliancesTest.py" methodname="" classname="" runstate="Runnable" type="Assembly" testcasecount="0" result="Passed" label="" start-time="0001-01-01 00:00:00.000000" end-time="0001-01-01 00:00:00.000000" duration="0.0" asserts="0" total="0" passed="0" failed="0" warnings="0" inconclusive="0" skipped="0"><properties><property name="python_version" value="3.11.2 (tags/v3.11.2:878ead1, Feb  7 2023, 16:38:35) [MSC v.1934 64 bit (AMD64)]" /></properties><environment framework-version="3.6.2" clr-version="3.11.2 (tags/v3.11.2:878ead1, Feb  7 2023, 16:38:35) [MSC v.1934 64 bit (AMD64)]" os-version="10" platform="Windows" cwd="c:\Users\domen.ramsak\Documents\Gorenje\projects\TESTING\selenium\pySelenium" machine-name="AMD64" user="" user-domain="" culture="sl_SI" uiculture="sl_SI" os-architecture="64bit" /></test-suite><test-suite id="WebAPI/HiJuConn/Tests/GetRoomListTest/GetRoomListTest.py" name="WebAPI/HiJuConn/Tests/GetRoomListTest/GetRoomListTest.py" fullname="WebAPI/HiJuConn/Tests/GetRoomListTest/GetRoomListTest.py" methodname="" classname="" runstate="Runnable" type="Assembly" testcasecount="0" result="Passed" label="" start-time="0001-01-01 00:00:00.000000" end-time="0001-01-01 00:00:00.000000" duration="0.0" asserts="0" total="0" passed="0" failed="0" warnings="0" inconclusive="0" skipped="0"><properties><property name="python_version" value="3.11.2 (tags/v3.11.2:878ead1, Feb  7 2023, 16:38:35) [MSC v.1934 64 bit (AMD64)]" /></properties><environment framework-version="3.6.2" clr-version="3.11.2 (tags/v3.11.2:878ead1, Feb  7 2023, 16:38:35) [MSC v.1934 64 bit (AMD64)]" os-version="10" platform="Windows" cwd="c:\Users\domen.ramsak\Documents\Gorenje\projects\TESTING\selenium\pySelenium" machine-name="AMD64" user="" user-domain="" culture="sl_SI" uiculture="sl_SI" os-architecture="64bit" /></test-suite><test-suite id="Mobile/ConnectLife/ManualsTest/ManualsTest.py::TestManuals" name="Mobile/ConnectLife/ManualsTest/ManualsTest.py::TestManuals" fullname="Mobile/ConnectLife/ManualsTest/ManualsTest.py::TestManuals" methodname="" classname="" runstate="Runnable" type="Assembly" testcasecount="0" result="Passed" label="" start-time="0001-01-01 00:00:00.000000" end-time="0001-01-01 00:00:00.000000" duration="0.0" asserts="0" total="0" passed="0" failed="0" warnings="0" inconclusive="0" skipped="0"><properties><property name="python_version" value="3.11.2 (tags/v3.11.2:878ead1, Feb  7 2023, 16:38:35) [MSC v.1934 64 bit (AMD64)]" /></properties><environment framework-version="3.6.2" clr-version="3.11.2 (tags/v3.11.2:878ead1, Feb  7 2023, 16:38:35) [MSC v.1934 64 bit (AMD64)]" os-version="10" platform="Windows" cwd="c:\Users\domen.ramsak\Documents\Gorenje\projects\TESTING\selenium\pySelenium" machine-name="AMD64" user="" user-domain="" culture="sl_SI" uiculture="sl_SI" os-architecture="64bit" /></test-suite><test-suite id="WebAPI/ConnectLife/Tests/GetApplianceProfileTest/GetApplianceProfileTest.py" name="WebAPI/ConnectLife/Tests/GetApplianceProfileTest/GetApplianceProfileTest.py" fullname="WebAPI/ConnectLife/Tests/GetApplianceProfileTest/GetApplianceProfileTest.py" methodname="" classname="" runstate="Runnable" type="Assembly" testcasecount="0" result="Passed" label="" start-time="0001-01-01 00:00:00.000000" end-time="0001-01-01 00:00:00.000000" duration="0.0" asserts="0" total="0" passed="0" failed="0" warnings="0" inconclusive="0" skipped="0"><properties><property name="python_version" value="3.11.2 (tags/v3.11.2:878ead1, Feb  7 2023, 16:38:35) [MSC v.1934 64 bit (AMD64)]" /></properties><environment framework-version="3.6.2" clr-version="3.11.2 (tags/v3.11.2:878ead1, Feb  7 2023, 16:38:35) [MSC v.1934 64 bit (AMD64)]" os-version="10" platform="Windows" cwd="c:\Users\domen.ramsak\Documents\Gorenje\projects\TESTING\selenium\pySelenium" machine-name="AMD64" user="" user-domain="" culture="sl_SI" uiculture="sl_SI" os-architecture="64bit" /></test-suite><test-suite id="WebAPI/ConnectLife/Tests/GetAppliancePropertiesTest/GetAppliancePropertiesTest.py" name="WebAPI/ConnectLife/Tests/GetAppliancePropertiesTest/GetAppliancePropertiesTest.py" fullname="WebAPI/ConnectLife/Tests/GetAppliancePropertiesTest/GetAppliancePropertiesTest.py" methodname="" classname="" runstate="Runnable" type="Assembly" testcasecount="0" result="Passed" label="" start-time="0001-01-01 00:00:00.000000" end-time="0001-01-01 00:00:00.000000" duration="0.0" asserts="0" total="0" passed="0" failed="0" warnings="0" inconclusive="0" skipped="0"><properties><property name="python_version" value="3.11.2 (tags/v3.11.2:878ead1, Feb  7 2023, 16:38:35) [MSC v.1934 64 bit (AMD64)]" /></properties><environment framework-version="3.6.2" clr-version="3.11.2 (tags/v3.11.2:878ead1, Feb  7 2023, 16:38:35) [MSC v.1934 64 bit (AMD64)]" os-version="10" platform="Windows" cwd="c:\Users\domen.ramsak\Documents\Gorenje\projects\TESTING\selenium\pySelenium" machine-name="AMD64" user="" user-domain="" culture="sl_SI" uiculture="sl_SI" os-architecture="64bit" /></test-suite><test-suite id="Web/Gorenje/DataOnSiteTest/DataOnSiteTest.py" name="Web/Gorenje/DataOnSiteTest/DataOnSiteTest.py" fullname="Web/Gorenje/DataOnSiteTest/DataOnSiteTest.py" methodname="" classname="" runstate="Runnable" type="Assembly" testcasecount="0" result="Passed" label="" start-time="0001-01-01 00:00:00.000000" end-time="0001-01-01 00:00:00.000000" duration="0.0" asserts="0" total="0" passed="0" failed="0" warnings="0" inconclusive="0" skipped="0"><properties><property name="python_version" value="3.11.2 (tags/v3.11.2:878ead1, Feb  7 2023, 16:38:35) [MSC v.1934 64 bit (AMD64)]" /></properties><environment framework-version="3.6.2" clr-version="3.11.2 (tags/v3.11.2:878ead1, Feb  7 2023, 16:38:35) [MSC v.1934 64 bit (AMD64)]" os-version="10" platform="Windows" cwd="c:\Users\domen.ramsak\Documents\Gorenje\projects\TESTING\selenium\pySelenium" machine-name="AMD64" user="" user-domain="" culture="sl_SI" uiculture="sl_SI" os-architecture="64bit" /></test-suite><test-suite id="Web/Gorenje/CheckingSiteTitleTest/CheckingSiteTitleTest.py" name="Web/Gorenje/CheckingSiteTitleTest/CheckingSiteTitleTest.py" fullname="Web/Gorenje/CheckingSiteTitleTest/CheckingSiteTitleTest.py" methodname="" classname="" runstate="Runnable" type="Assembly" testcasecount="0" result="Passed" label="" start-time="0001-01-01 00:00:00.000000" end-time="0001-01-01 00:00:00.000000" duration="0.0" asserts="0" total="0" passed="0" failed="0" warnings="0" inconclusive="0" skipped="0"><properties><property name="python_version" value="3.11.2 (tags/v3.11.2:878ead1, Feb  7 2023, 16:38:35) [MSC v.1934 64 bit (AMD64)]" /></properties><environment framework-version="3.6.2" clr-version="3.11.2 (tags/v3.11.2:878ead1, Feb  7 2023, 16:38:35) [MSC v.1934 64 bit (AMD64)]" os-version="10" platform="Windows" cwd="c:\Users\domen.ramsak\Documents\Gorenje\projects\TESTING\selenium\pySelenium" machine-name="AMD64" user="" user-domain="" culture="sl_SI" uiculture="sl_SI" os-architecture="64bit" /></test-suite><test-suite id="Mobile/ConnectLife/MobileLoginTest/MobileLoginTest.py::TestLogin" name="Mobile/ConnectLife/MobileLoginTest/MobileLoginTest.py::TestLogin" fullname="Mobile/ConnectLife/MobileLoginTest/MobileLoginTest.py::TestLogin" methodname="" classname="" runstate="Runnable" type="Assembly" testcasecount="0" result="Passed" label="" start-time="0001-01-01 00:00:00.000000" end-time="0001-01-01 00:00:00.000000" duration="0.0" asserts="0" total="0" passed="0" failed="0" warnings="0" inconclusive="0" skipped="0"><properties><property name="python_version" value="3.11.2 (tags/v3.11.2:878ead1, Feb  7 2023, 16:38:35) [MSC v.1934 64 bit (AMD64)]" /></properties><environment framework-version="3.6.2" clr-version="3.11.2 (tags/v3.11.2:878ead1, Feb  7 2023, 16:38:35) [MSC v.1934 64 bit (AMD64)]" os-version="10" platform="Windows" cwd="c:\Users\domen.ramsak\Documents\Gorenje\projects\TESTING\selenium\pySelenium" machine-name="AMD64" user="" user-domain="" culture="sl_SI" uiculture="sl_SI" os-architecture="64bit" /></test-suite><test-suite id="Web/Gorenje/LoginTest/LoginTest.py" name="Web/Gorenje/LoginTest/LoginTest.py" fullname="Web/Gorenje/LoginTest/LoginTest.py" methodname="" classname="" runstate="Runnable" type="Assembly" testcasecount="0" result="Passed" label="" start-time="0001-01-01 00:00:00.000000" end-time="0001-01-01 00:00:00.000000" duration="0.0" asserts="0" total="0" passed="0" failed="0" warnings="0" inconclusive="0" skipped="0"><properties><property name="python_version" value="3.11.2 (tags/v3.11.2:878ead1, Feb  7 2023, 16:38:35) [MSC v.1934 64 bit (AMD64)]" /></properties><environment framework-version="3.6.2" clr-version="3.11.2 (tags/v3.11.2:878ead1, Feb  7 2023, 16:38:35) [MSC v.1934 64 bit (AMD64)]" os-version="10" platform="Windows" cwd="c:\Users\domen.ramsak\Documents\Gorenje\projects\TESTING\selenium\pySelenium" machine-name="AMD64" user="" user-domain="" culture="sl_SI" uiculture="sl_SI" os-architecture="64bit" /></test-suite></test-run>